This is pdfTeX, Version 3.14159265-2.6-1.40.17 (TeX Live 2016) (preloaded format=pdflatex 2016.5.22)  3 MAR 2019 12:37
entering extended mode
 restricted \write18 enabled.
 %&-line parsing enabled.
**disstemplate.tex
(./disstemplate.tex
LaTeX2e <2016/03/31>
Babel <3.9r> and hyphenation patterns for 83 language(s) loaded.
(/usr/local/texlive/2016/texmf-dist/tex/latex/base/report.cls
Document Class: report 2014/09/29 v1.4h Standard LaTeX document class
(/usr/local/texlive/2016/texmf-dist/tex/latex/base/size12.clo
File: size12.clo 2014/09/29 v1.4h Standard LaTeX file (size option)
)
\c@part=\count79
\c@chapter=\count80
\c@section=\count81
\c@subsection=\count82
\c@subsubsection=\count83
\c@paragraph=\count84
\c@subparagraph=\count85
\c@figure=\count86
\c@table=\count87
\abovecaptionskip=\skip41
\belowcaptionskip=\skip42
\bibindent=\dimen102
) (./utdiss2.sty
*
* U.T. Austin Doctoral Dissertation Format by Young. U. Ryu,
* June 1991. With some fixes by Miguel A. Lerma, Fall 1995, 
* Spring 1996, Summer 1996, Spring 1997, Summer 1997, Spring 1998.
*
* Modified to new Graduate School standards Fall 2001
* by Craig McCluskey mccluskey@mail.utexas.edu 
* - this is utdiss2-05.sty
*
\regular@textheight=\skip43
\short@textheight=\skip44
\c@regular@short=\count88
\one@num=\skip45
\two@num=\skip46
\three@num=\skip47
\four@num=\skip48
\five@num=\skip49
\six@num=\skip50
\c@onenum=\skip51
\c@twonum=\skip52
\c@threenum=\skip53
\c@fournum=\skip54
\c@fivenum=\skip55
\toc@chap@indent=\skip56
\chap@or@app=\count89
\with@parts=\count90
\c@no@chapters=\count91
\s@short@textheight=\skip57
\c@regular@short@col=\count92
* *
* *
* This is a dissertation *
* *
* *
\numberofsupervisors=\count93
\supervisornumbercounter=\count94
\numberofmembers=\count95
\membernumbercounter=\count96
) (/usr/local/texlive/2016/texmf-dist/tex/latex/amsmath/amsmath.sty
Package: amsmath 2016/03/10 v2.15b AMS math features
\@mathmargin=\skip58

For additional information on amsmath, use the `?' option.
(/usr/local/texlive/2016/texmf-dist/tex/latex/amsmath/amstext.sty
Package: amstext 2000/06/29 v2.01 AMS text

(/usr/local/texlive/2016/texmf-dist/tex/latex/amsmath/amsgen.sty
File: amsgen.sty 1999/11/30 v2.0 generic functions
\@emptytoks=\toks14
\ex@=\dimen103
))
(/usr/local/texlive/2016/texmf-dist/tex/latex/amsmath/amsbsy.sty
Package: amsbsy 1999/11/29 v1.2d Bold Symbols
\pmbraise@=\dimen104
)
(/usr/local/texlive/2016/texmf-dist/tex/latex/amsmath/amsopn.sty
Package: amsopn 2016/03/08 v2.02 operator names
)
\inf@bad=\count97
LaTeX Info: Redefining \frac on input line 199.
\uproot@=\count98
\leftroot@=\count99
LaTeX Info: Redefining \overline on input line 297.
\classnum@=\count100
\DOTSCASE@=\count101
LaTeX Info: Redefining \ldots on input line 394.
LaTeX Info: Redefining \dots on input line 397.
LaTeX Info: Redefining \cdots on input line 518.
\Mathstrutbox@=\box26
\strutbox@=\box27
\big@size=\dimen105
LaTeX Font Info:    Redeclaring font encoding OML on input line 634.
LaTeX Font Info:    Redeclaring font encoding OMS on input line 635.
\macc@depth=\count102
\c@MaxMatrixCols=\count103
\dotsspace@=\muskip10
\c@parentequation=\count104
\dspbrk@lvl=\count105
\tag@help=\toks15
\row@=\count106
\column@=\count107
\maxfields@=\count108
\andhelp@=\toks16
\eqnshift@=\dimen106
\alignsep@=\dimen107
\tagshift@=\dimen108
\tagwidth@=\dimen109
\totwidth@=\dimen110
\lineht@=\dimen111
\@envbody=\toks17
\multlinegap=\skip59
\multlinetaggap=\skip60
\mathdisplay@stack=\toks18
LaTeX Info: Redefining \[ on input line 2739.
LaTeX Info: Redefining \] on input line 2740.
)
(/usr/local/texlive/2016/texmf-dist/tex/latex/amscls/amsthm.sty
Package: amsthm 2015/03/04 v2.20.2
\thm@style=\toks19
\thm@bodyfont=\toks20
\thm@headfont=\toks21
\thm@notefont=\toks22
\thm@headpunct=\toks23
\thm@preskip=\skip61
\thm@postskip=\skip62
\thm@headsep=\skip63
\dth@everypar=\toks24
)
(/usr/local/texlive/2016/texmf-dist/tex/latex/amsfonts/amsfonts.sty
Package: amsfonts 2013/01/14 v3.01 Basic AMSFonts support
\symAMSa=\mathgroup4
\symAMSb=\mathgroup5
LaTeX Font Info:    Overwriting math alphabet `\mathfrak' in version `bold'
(Font)                  U/euf/m/n --> U/euf/b/n on input line 106.
)
(/usr/local/texlive/2016/texmf-dist/tex/latex/amsmath/amscd.sty
Package: amscd 1999/11/29 v2.0 AMS Commutatitive Diagrams
\athelp@=\toks25
\minaw@=\dimen112
\bigaw@=\dimen113
\minCDarrowwidth=\dimen114
)
(/usr/local/texlive/2016/texmf-dist/tex/latex/amsfonts/eucal.sty
Package: eucal 2009/06/22 v3.00 Euler Script fonts
LaTeX Font Info:    Overwriting math alphabet `\EuScript' in version `bold'
(Font)                  U/eus/m/n --> U/eus/b/n on input line 33.
)
(/usr/local/texlive/2016/texmf-dist/tex/latex/tools/verbatim.sty
Package: verbatim 2014/10/28 v1.5q LaTeX2e package for verbatim enhancements
\every@verbatim=\toks26
\verbatim@line=\toks27
\verbatim@in@stream=\read1
)
(/usr/local/texlive/2016/texmf-dist/tex/latex/base/makeidx.sty
Package: makeidx 2014/09/29 v1.0m Standard LaTeX package
) (./psfig.sty
\@unused=\write3
\ps@stream=\read2
\p@intvaluex=\dimen115
\p@intvaluey=\dimen116

psfig/tex 1.10-dvips
) (/usr/local/texlive/2016/texmf-dist/tex/latex/graphics/epsfig.sty
Package: epsfig 1999/02/16 v1.7a (e)psfig emulation (SPQR)

(/usr/local/texlive/2016/texmf-dist/tex/latex/graphics/graphicx.sty
Package: graphicx 2014/10/28 v1.0g Enhanced LaTeX Graphics (DPC,SPQR)

(/usr/local/texlive/2016/texmf-dist/tex/latex/graphics/keyval.sty
Package: keyval 2014/10/28 v1.15 key=value parser (DPC)
\KV@toks@=\toks28
)
(/usr/local/texlive/2016/texmf-dist/tex/latex/graphics/graphics.sty
Package: graphics 2016/05/09 v1.0r Standard LaTeX Graphics (DPC,SPQR)

(/usr/local/texlive/2016/texmf-dist/tex/latex/graphics/trig.sty
Package: trig 2016/01/03 v1.10 sin cos tan (DPC)
)
(/usr/local/texlive/2016/texmf-dist/tex/latex/graphics-cfg/graphics.cfg
File: graphics.cfg 2016/01/02 v1.10 sample graphics configuration
)
Package graphics Info: Driver file: pdftex.def on input line 96.

(/usr/local/texlive/2016/texmf-dist/tex/latex/pdftex-def/pdftex.def
File: pdftex.def 2011/05/27 v0.06d Graphics/color for pdfTeX

(/usr/local/texlive/2016/texmf-dist/tex/generic/oberdiek/infwarerr.sty
Package: infwarerr 2016/05/16 v1.4 Providing info/warning/error messages (HO)
)
(/usr/local/texlive/2016/texmf-dist/tex/generic/oberdiek/ltxcmds.sty
Package: ltxcmds 2016/05/16 v1.23 LaTeX kernel commands for general use (HO)
)
\Gread@gobject=\count109
))
\Gin@req@height=\dimen117
\Gin@req@width=\dimen118
)
\epsfxsize=\dimen119
\epsfysize=\dimen120
)
(./citesort.sty
\@minsofar=\count110
\@min=\count111
\@cite@temp=\count112
) (/usr/local/texlive/2016/texmf-dist/tex/latex/url/url.sty
\Urlmuskip=\muskip11
Package: url 2013/09/16  ver 3.4  Verb mode for urls, etc.
)
* *
* *
* This is a master thesis *
* *
* *
\c@thm=\count113
\c@ax=\count114
\c@defn=\count115
\c@rem=\count116
\@indexfile=\write4
\openout4 = `disstemplate.idx'.

Writing index file disstemplate.idx
(./disstemplate.aux (./chapter-introduction.aux) (./chapter-background.aux)
(./chapter-methodology.aux) (./chapter-result.aux) (./chapter-conclusion.aux))
\openout1 = `disstemplate.aux'.

LaTeX Font Info:    Checking defaults for OML/cmm/m/it on input line 238.
LaTeX Font Info:    ... okay on input line 238.
LaTeX Font Info:    Checking defaults for T1/cmr/m/n on input line 238.
LaTeX Font Info:    ... okay on input line 238.
LaTeX Font Info:    Checking defaults for OT1/cmr/m/n on input line 238.
LaTeX Font Info:    ... okay on input line 238.
LaTeX Font Info:    Checking defaults for OMS/cmsy/m/n on input line 238.
LaTeX Font Info:    ... okay on input line 238.
LaTeX Font Info:    Checking defaults for OMX/cmex/m/n on input line 238.
LaTeX Font Info:    ... okay on input line 238.
LaTeX Font Info:    Checking defaults for U/cmr/m/n on input line 238.
LaTeX Font Info:    ... okay on input line 238.

(/usr/local/texlive/2016/texmf-dist/tex/context/base/mkii/supp-pdf.mkii
[Loading MPS to PDF converter (version 2006.09.02).]
\scratchcounter=\count117
\scratchdimen=\dimen121
\scratchbox=\box28
\nofMPsegments=\count118
\nofMParguments=\count119
\everyMPshowfont=\toks29
\MPscratchCnt=\count120
\MPscratchDim=\dimen122
\MPnumerator=\count121
\makeMPintoPDFobject=\count122
\everyMPtoPDFconversion=\toks30
) (/usr/local/texlive/2016/texmf-dist/tex/generic/oberdiek/pdftexcmds.sty
Package: pdftexcmds 2016/05/10 v0.21 Utility functions of pdfTeX for LuaTeX (HO
)

(/usr/local/texlive/2016/texmf-dist/tex/generic/oberdiek/ifluatex.sty
Package: ifluatex 2016/05/16 v1.4 Provides the ifluatex switch (HO)
Package ifluatex Info: LuaTeX not detected.
)
(/usr/local/texlive/2016/texmf-dist/tex/generic/oberdiek/ifpdf.sty
Package: ifpdf 2016/05/14 v3.1 Provides the ifpdf switch
)
Package pdftexcmds Info: LuaTeX not detected.
Package pdftexcmds Info: \pdf@primitive is available.
Package pdftexcmds Info: \pdf@ifprimitive is available.
Package pdftexcmds Info: \pdfdraftmode found.
)
(/usr/local/texlive/2016/texmf-dist/tex/latex/oberdiek/epstopdf-base.sty
Package: epstopdf-base 2016/05/15 v2.6 Base part for package epstopdf

(/usr/local/texlive/2016/texmf-dist/tex/latex/oberdiek/grfext.sty
Package: grfext 2016/05/16 v1.2 Manage graphics extensions (HO)

(/usr/local/texlive/2016/texmf-dist/tex/generic/oberdiek/kvdefinekeys.sty
Package: kvdefinekeys 2016/05/16 v1.4 Define keys (HO)
))
(/usr/local/texlive/2016/texmf-dist/tex/latex/oberdiek/kvoptions.sty
Package: kvoptions 2016/05/16 v3.12 Key value format for package options (HO)

(/usr/local/texlive/2016/texmf-dist/tex/generic/oberdiek/kvsetkeys.sty
Package: kvsetkeys 2016/05/16 v1.17 Key value parser (HO)

(/usr/local/texlive/2016/texmf-dist/tex/generic/oberdiek/etexcmds.sty
Package: etexcmds 2016/05/16 v1.6 Avoid name clashes with e-TeX commands (HO)
Package etexcmds Info: Could not find \expanded.
(etexcmds)             That can mean that you are not using pdfTeX 1.50 or
(etexcmds)             that some package has redefined \expanded.
(etexcmds)             In the latter case, load this package earlier.
)))
Package grfext Info: Graphics extension search list:
(grfext)             [.png,.pdf,.jpg,.mps,.jpeg,.jbig2,.jb2,.PNG,.PDF,.JPG,.JPE
G,.JBIG2,.JB2,.eps]
(grfext)             \AppendGraphicsExtensions on input line 456.

(/usr/local/texlive/2016/texmf-dist/tex/latex/latexconfig/epstopdf-sys.cfg
File: epstopdf-sys.cfg 2010/07/13 v1.3 Configuration of (r)epstopdf for TeX Liv
e
))
[1

{/usr/local/texlive/2016/texmf-var/fonts/map/pdftex/updmap/pdftex.map}]
[2

] [3


]
LaTeX Font Info:    Try loading font information for U+msa on input line 294.
 (/usr/local/texlive/2016/texmf-dist/tex/latex/amsfonts/umsa.fd
File: umsa.fd 2013/01/14 v3.01 AMS symbols A
)
LaTeX Font Info:    Try loading font information for U+msb on input line 294.

(/usr/local/texlive/2016/texmf-dist/tex/latex/amsfonts/umsb.fd
File: umsb.fd 2013/01/14 v3.01 AMS symbols B
) [4

]
(./disstemplate.toc)
\tf@toc=\write5
\openout5 = `disstemplate.toc'.

 [5

] (./disstemplate.lot)
\tf@lot=\write6
\openout6 = `disstemplate.lot'.

 [6

] (./disstemplate.lof)
\tf@lof=\write7
\openout7 = `disstemplate.lof'.

 [7

]
\openout2 = `chapter-introduction.aux'.


(./chapter-introduction.tex
Chapter 1.
) [1


]
\openout2 = `chapter-background.aux'.

 (./chapter-background.tex
Chapter 2.
[2



]

LaTeX Warning: Citation `gyeonghwan1997lda' on page 3 undefined on input line 4
2.


LaTeX Warning: Citation `jcai1999issi' on page 3 undefined on input line 53.

[3]

LaTeX Warning: Citation `CaseyLecolinet1996' on page 4 undefined on input line 
66.


LaTeX Warning: Citation `CaseyLecolinet1996' on page 4 undefined on input line 
85.

[4]

LaTeX Warning: Citation `arica2002ocr' on page 5 undefined on input line 101.


LaTeX Warning: Citation `gyeonghwan1997lda' on page 5 undefined on input line 1
16.

[5]

LaTeX Warning: Citation `CaseyLecolinet1996' on page 6 undefined on input line 
123.


LaTeX Warning: Citation `chen2000sso' on page 6 undefined on input line 134.


LaTeX Warning: Citation `chen2000sso' on page 6 undefined on input line 135.

[6] [7]

LaTeX Warning: Citation `garain2004roh' on page 8 undefined on input line 190.

[8] [9]

LaTeX Warning: Citation `twaakyondo1995saa' on page 10 undefined on input line 
233.

[10]) [11] [12]
\openout2 = `chapter-methodology.aux'.

 (./chapter-methodology.tex
Chapter 3.
) [13



]
\openout2 = `chapter-result.aux'.

 (./chapter-result.tex
Chapter 4.
) [14



]
\openout2 = `chapter-conclusion.aux'.

 (./chapter-conclusion.tex
Chapter 5.
) [15



] (./disstemplate.bbl [16


] [17] [18]) [19]
LaTeX Font Info:    Try loading font information for OMS+cmr on input line 409.


(/usr/local/texlive/2016/texmf-dist/tex/latex/base/omscmr.fd
File: omscmr.fd 2014/09/29 v2.5h Standard LaTeX font definitions
)
LaTeX Font Info:    Font shape `OMS/cmr/m/n' in size <8> not available
(Font)              Font shape `OMS/cmsy/m/n' tried instead on input line 409.
LaTeX Font Info:    Font shape `OMS/cmr/m/n' in size <7> not available
(Font)              Font shape `OMS/cmsy/m/n' tried instead on input line 409.
 [20

]
(./disstemplate.aux (./chapter-introduction.aux) (./chapter-background.aux)
(./chapter-methodology.aux) (./chapter-result.aux) (./chapter-conclusion.aux))

LaTeX Warning: Label(s) may have changed. Rerun to get cross-references right.

 ) 
Here is how much of TeX's memory you used:
 2948 strings out of 493014
 39288 string characters out of 6133351
 109527 words of memory out of 5000000
 6384 multiletter control sequences out of 15000+600000
 11849 words of font info for 46 fonts, out of 8000000 for 9000
 1141 hyphenation exceptions out of 8191
 37i,8n,24p,272b,230s stack positions out of 5000i,500n,10000p,200000b,80000s
</usr/local/texlive/2016/texmf-dist/fonts/type1/public/amsfonts/cm/cmbx12.pfb
></usr/local/texlive/2016/texmf-dist/fonts/type1/public/amsfonts/cm/cmr10.pfb><
/usr/local/texlive/2016/texmf-dist/fonts/type1/public/amsfonts/cm/cmr12.pfb></u
sr/local/texlive/2016/texmf-dist/fonts/type1/public/amsfonts/cm/cmr7.pfb></usr/
local/texlive/2016/texmf-dist/fonts/type1/public/amsfonts/cm/cmr8.pfb></usr/loc
al/texlive/2016/texmf-dist/fonts/type1/public/amsfonts/cm/cmsy7.pfb></usr/local
/texlive/2016/texmf-dist/fonts/type1/public/amsfonts/cm/cmsy8.pfb></usr/local/t
exlive/2016/texmf-dist/fonts/type1/public/amsfonts/cm/cmti12.pfb>
Output written on disstemplate.pdf (27 pages, 126975 bytes).
PDF statistics:
 123 PDF objects out of 1000 (max. 8388607)
 85 compressed objects within 1 object stream
 0 named destinations out of 1000 (max. 500000)
 1 words of extra memory for PDF output out of 10000 (max. 10000000)

